{"/Users/michaeldarlington/CascadeProjects/fraud-detection-system/fraud-analysis-service/src/config.ts": {"path":"/Users/michaeldarlington/CascadeProjects/fraud-detection-system/fraud-analysis-service/src/config.ts","statementMap":{"0":{"start":{"line":9,"column":13},"end":{"line":34,"column":2}}},"fnMap":{},"branchMap":{"0":{"loc":{"start":{"line":13,"column":14},"end":{"line":13,"column":59}},"type":"binary-expr","locations":[{"start":{"line":13,"column":14},"end":{"line":13,"column":39}},{"start":{"line":13,"column":43},"end":{"line":13,"column":59}}]},"1":{"loc":{"start":{"line":14,"column":11},"end":{"line":14,"column":52}},"type":"binary-expr","locations":[{"start":{"line":14,"column":11},"end":{"line":14,"column":34}},{"start":{"line":14,"column":38},"end":{"line":14,"column":52}}]},"2":{"loc":{"start":{"line":20,"column":9},"end":{"line":20,"column":62}},"type":"binary-expr","locations":[{"start":{"line":20,"column":9},"end":{"line":20,"column":35}},{"start":{"line":20,"column":39},"end":{"line":20,"column":62}}]},"3":{"loc":{"start":{"line":21,"column":19},"end":{"line":21,"column":60}},"type":"binary-expr","locations":[{"start":{"line":21,"column":19},"end":{"line":21,"column":48}},{"start":{"line":21,"column":52},"end":{"line":21,"column":60}}]},"4":{"loc":{"start":{"line":22,"column":22},"end":{"line":22,"column":62}},"type":"binary-expr","locations":[{"start":{"line":22,"column":22},"end":{"line":22,"column":52}},{"start":{"line":22,"column":56},"end":{"line":22,"column":62}}]},"5":{"loc":{"start":{"line":27,"column":26},"end":{"line":27,"column":62}},"type":"binary-expr","locations":[{"start":{"line":27,"column":26},"end":{"line":27,"column":53}},{"start":{"line":27,"column":57},"end":{"line":27,"column":62}}]},"6":{"loc":{"start":{"line":32,"column":11},"end":{"line":32,"column":42}},"type":"binary-expr","locations":[{"start":{"line":32,"column":11},"end":{"line":32,"column":32}},{"start":{"line":32,"column":36},"end":{"line":32,"column":42}}]}},"s":{"0":1},"f":{},"b":{"0":[1,1],"1":[1,1],"2":[1,1],"3":[1,1],"4":[1,1],"5":[1,1],"6":[1,1]}}
,"/Users/michaeldarlington/CascadeProjects/fraud-detection-system/fraud-analysis-service/src/index.ts": {"path":"/Users/michaeldarlington/CascadeProjects/fraud-detection-system/fraud-analysis-service/src/index.ts","statementMap":{"0":{"start":{"line":1,"column":0},"end":{"line":1,"column":28}},"1":{"start":{"line":2,"column":0},"end":{"line":2,"column":52}},"2":{"start":{"line":3,"column":0},"end":{"line":3,"column":30}},"3":{"start":{"line":4,"column":0},"end":{"line":4,"column":58}},"4":{"start":{"line":5,"column":0},"end":{"line":5,"column":34}},"5":{"start":{"line":8,"column":0},"end":{"line":8,"column":16}},"6":{"start":{"line":11,"column":15},"end":{"line":23,"column":2}},"7":{"start":{"line":26,"column":14},"end":{"line":29,"column":2}},"8":{"start":{"line":31,"column":17},"end":{"line":31,"column":66}},"9":{"start":{"line":35,"column":2},"end":{"line":72,"column":3}},"10":{"start":{"line":36,"column":4},"end":{"line":36,"column":29}},"11":{"start":{"line":37,"column":4},"end":{"line":37,"column":73}},"12":{"start":{"line":39,"column":4},"end":{"line":39,"column":82}},"13":{"start":{"line":40,"column":4},"end":{"line":40,"column":62}},"14":{"start":{"line":42,"column":4},"end":{"line":65,"column":7}},"15":{"start":{"line":44,"column":8},"end":{"line":63,"column":9}},"16":{"start":{"line":46,"column":31},"end":{"line":46,"column":64}},"17":{"start":{"line":47,"column":30},"end":{"line":47,"column":54}},"18":{"start":{"line":49,"column":10},"end":{"line":54,"column":13}},"19":{"start":{"line":57,"column":10},"end":{"line":57,"column":48}},"20":{"start":{"line":59,"column":10},"end":{"line":62,"column":13}},"21":{"start":{"line":67,"column":4},"end":{"line":70,"column":7}},"22":{"start":{"line":71,"column":4},"end":{"line":71,"column":20}},"23":{"start":{"line":76,"column":0},"end":{"line":76,"column":47}},"24":{"start":{"line":77,"column":0},"end":{"line":83,"column":3}},"25":{"start":{"line":78,"column":2},"end":{"line":81,"column":5}},"26":{"start":{"line":82,"column":2},"end":{"line":82,"column":18}},"27":{"start":{"line":86,"column":0},"end":{"line":90,"column":3}},"28":{"start":{"line":87,"column":2},"end":{"line":87,"column":60}},"29":{"start":{"line":88,"column":2},"end":{"line":88,"column":30}},"30":{"start":{"line":89,"column":2},"end":{"line":89,"column":18}},"31":{"start":{"line":92,"column":0},"end":{"line":96,"column":3}},"32":{"start":{"line":93,"column":2},"end":{"line":93,"column":59}},"33":{"start":{"line":94,"column":2},"end":{"line":94,"column":30}},"34":{"start":{"line":95,"column":2},"end":{"line":95,"column":18}}},"fnMap":{"0":{"name":"startConsumer","decl":{"start":{"line":34,"column":15},"end":{"line":34,"column":28}},"loc":{"start":{"line":34,"column":28},"end":{"line":73,"column":1}}},"1":{"name":"(anonymous_2)","decl":{"start":{"line":43,"column":19},"end":{"line":43,"column":24}},"loc":{"start":{"line":43,"column":79},"end":{"line":64,"column":7}}},"2":{"name":"(anonymous_3)","decl":{"start":{"line":77,"column":22},"end":{"line":77,"column":27}},"loc":{"start":{"line":77,"column":30},"end":{"line":83,"column":1}}},"3":{"name":"(anonymous_4)","decl":{"start":{"line":86,"column":22},"end":{"line":86,"column":27}},"loc":{"start":{"line":86,"column":33},"end":{"line":90,"column":1}}},"4":{"name":"(anonymous_5)","decl":{"start":{"line":92,"column":21},"end":{"line":92,"column":26}},"loc":{"start":{"line":92,"column":32},"end":{"line":96,"column":1}}}},"branchMap":{"0":{"loc":{"start":{"line":46,"column":31},"end":{"line":46,"column":64}},"type":"binary-expr","locations":[{"start":{"line":46,"column":31},"end":{"line":46,"column":56}},{"start":{"line":46,"column":60},"end":{"line":46,"column":64}}]}},"s":{"0":0,"1":0,"2":0,"3":0,"4":0,"5":0,"6":0,"7":0,"8":0,"9":0,"10":0,"11":0,"12":0,"13":0,"14":0,"15":0,"16":0,"17":0,"18":0,"19":0,"20":0,"21":0,"22":0,"23":0,"24":0,"25":0,"26":0,"27":0,"28":0,"29":0,"30":0,"31":0,"32":0,"33":0,"34":0},"f":{"0":0,"1":0,"2":0,"3":0,"4":0},"b":{"0":[0,0]}}
,"/Users/michaeldarlington/CascadeProjects/fraud-detection-system/fraud-analysis-service/src/neptuneClient.ts": {"path":"/Users/michaeldarlington/CascadeProjects/fraud-detection-system/fraud-analysis-service/src/neptuneClient.ts","statementMap":{"0":{"start":{"line":15,"column":0},"end":{"line":15,"column":7}},"1":{"start":{"line":1,"column":0},"end":{"line":1,"column":30}},"2":{"start":{"line":2,"column":19},"end":{"line":2,"column":26}},"3":{"start":{"line":5,"column":15},"end":{"line":7,"column":null}},"4":{"start":{"line":16,"column":2},"end":{"line":31,"column":3}},"5":{"start":{"line":19,"column":18},"end":{"line":24,"column":6}},"6":{"start":{"line":25,"column":19},"end":{"line":25,"column":45}},"7":{"start":{"line":26,"column":4},"end":{"line":26,"column":87}},"8":{"start":{"line":27,"column":4},"end":{"line":27,"column":18}},"9":{"start":{"line":29,"column":4},"end":{"line":29,"column":89}},"10":{"start":{"line":30,"column":4},"end":{"line":30,"column":16}}},"fnMap":{"0":{"name":"storeRelationship","decl":{"start":{"line":15,"column":22},"end":{"line":15,"column":39}},"loc":{"start":{"line":15,"column":84},"end":{"line":32,"column":1}}}},"branchMap":{"0":{"loc":{"start":{"line":6,"column":2},"end":{"line":6,"column":76}},"type":"binary-expr","locations":[{"start":{"line":6,"column":2},"end":{"line":6,"column":30}},{"start":{"line":6,"column":34},"end":{"line":6,"column":76}}]}},"s":{"0":2,"1":2,"2":2,"3":2,"4":3,"5":3,"6":3,"7":0,"8":0,"9":3,"10":3},"f":{"0":3},"b":{"0":[2,2]}}
,"/Users/michaeldarlington/CascadeProjects/fraud-detection-system/fraud-analysis-service/src/processTransaction.ts": {"path":"/Users/michaeldarlington/CascadeProjects/fraud-detection-system/fraud-analysis-service/src/processTransaction.ts","statementMap":{"0":{"start":{"line":45,"column":0},"end":{"line":45,"column":7}},"1":{"start":{"line":1,"column":0},"end":{"line":1,"column":42}},"2":{"start":{"line":2,"column":0},"end":{"line":2,"column":30}},"3":{"start":{"line":3,"column":0},"end":{"line":3,"column":34}},"4":{"start":{"line":4,"column":0},"end":{"line":4,"column":52}},"5":{"start":{"line":7,"column":15},"end":{"line":19,"column":2}},"6":{"start":{"line":46,"column":2},"end":{"line":99,"column":3}},"7":{"start":{"line":48,"column":4},"end":{"line":51,"column":5}},"8":{"start":{"line":49,"column":6},"end":{"line":49,"column":67}},"9":{"start":{"line":50,"column":6},"end":{"line":50,"column":18}},"10":{"start":{"line":53,"column":4},"end":{"line":53,"column":77}},"11":{"start":{"line":56,"column":21},"end":{"line":59,"column":null}},"12":{"start":{"line":62,"column":23},"end":{"line":62,"column":47}},"13":{"start":{"line":63,"column":4},"end":{"line":63,"column":70}},"14":{"start":{"line":66,"column":4},"end":{"line":81,"column":5}},"15":{"start":{"line":67,"column":6},"end":{"line":72,"column":9}},"16":{"start":{"line":75,"column":6},"end":{"line":75,"column":66}},"17":{"start":{"line":83,"column":4},"end":{"line":83,"column":22}},"18":{"start":{"line":85,"column":4},"end":{"line":97,"column":5}},"19":{"start":{"line":86,"column":25},"end":{"line":86,"column":44}},"20":{"start":{"line":87,"column":6},"end":{"line":91,"column":9}},"21":{"start":{"line":93,"column":6},"end":{"line":96,"column":9}},"22":{"start":{"line":98,"column":4},"end":{"line":98,"column":16}}},"fnMap":{"0":{"name":"processTransaction","decl":{"start":{"line":45,"column":22},"end":{"line":45,"column":40}},"loc":{"start":{"line":45,"column":57},"end":{"line":100,"column":1}}}},"branchMap":{"0":{"loc":{"start":{"line":48,"column":4},"end":{"line":51,"column":5}},"type":"if","locations":[{"start":{"line":48,"column":4},"end":{"line":51,"column":5}}]},"1":{"loc":{"start":{"line":48,"column":8},"end":{"line":48,"column":72}},"type":"binary-expr","locations":[{"start":{"line":48,"column":8},"end":{"line":48,"column":23}},{"start":{"line":48,"column":27},"end":{"line":48,"column":46}},{"start":{"line":48,"column":50},"end":{"line":48,"column":72}}]},"2":{"loc":{"start":{"line":66,"column":4},"end":{"line":81,"column":5}},"type":"if","locations":[{"start":{"line":66,"column":4},"end":{"line":81,"column":5}}]},"3":{"loc":{"start":{"line":85,"column":4},"end":{"line":97,"column":5}},"type":"if","locations":[{"start":{"line":85,"column":4},"end":{"line":97,"column":5}},{"start":{"line":92,"column":11},"end":{"line":97,"column":5}}]}},"s":{"0":1,"1":1,"2":1,"3":1,"4":1,"5":1,"6":7,"7":7,"8":3,"9":3,"10":4,"11":4,"12":2,"13":2,"14":2,"15":1,"16":1,"17":1,"18":3,"19":1,"20":1,"21":2,"22":3},"f":{"0":7},"b":{"0":[3],"1":[7,6,5],"2":[1],"3":[1,2]}}
}
