TN:
SF:src/config.ts
FNF:0
FNH:0
DA:9,1
LF:1
LH:1
BRDA:13,0,0,1
BRDA:13,0,1,1
BRDA:14,1,0,1
BRDA:14,1,1,1
BRDA:20,2,0,1
BRDA:20,2,1,1
BRDA:21,3,0,1
BRDA:21,3,1,1
BRDA:22,4,0,1
BRDA:22,4,1,1
BRDA:27,5,0,1
BRDA:27,5,1,1
BRDA:32,6,0,1
BRDA:32,6,1,1
BRF:14
BRH:14
end_of_record
TN:
SF:src/index.ts
FN:34,startConsumer
FN:43,(anonymous_2)
FN:77,(anonymous_3)
FN:86,(anonymous_4)
FN:92,(anonymous_5)
FNF:5
FNH:0
FNDA:0,startConsumer
FNDA:0,(anonymous_2)
FNDA:0,(anonymous_3)
FNDA:0,(anonymous_4)
FNDA:0,(anonymous_5)
DA:1,0
DA:2,0
DA:3,0
DA:4,0
DA:5,0
DA:8,0
DA:11,0
DA:26,0
DA:31,0
DA:35,0
DA:36,0
DA:37,0
DA:39,0
DA:40,0
DA:42,0
DA:44,0
DA:46,0
DA:47,0
DA:49,0
DA:57,0
DA:59,0
DA:67,0
DA:71,0
DA:76,0
DA:77,0
DA:78,0
DA:82,0
DA:86,0
DA:87,0
DA:88,0
DA:89,0
DA:92,0
DA:93,0
DA:94,0
DA:95,0
LF:35
LH:0
BRDA:46,0,0,0
BRDA:46,0,1,0
BRF:2
BRH:0
end_of_record
TN:
SF:src/neptuneClient.ts
FN:15,storeRelationship
FNF:1
FNH:1
FNDA:3,storeRelationship
DA:1,2
DA:2,2
DA:5,2
DA:15,2
DA:16,3
DA:19,3
DA:25,3
DA:26,0
DA:27,0
DA:29,3
DA:30,3
LF:11
LH:9
BRDA:6,0,0,2
BRDA:6,0,1,2
BRF:2
BRH:2
end_of_record
TN:
SF:src/processTransaction.ts
FN:45,processTransaction
FNF:1
FNH:1
FNDA:7,processTransaction
DA:1,1
DA:2,1
DA:3,1
DA:4,1
DA:7,1
DA:45,1
DA:46,7
DA:48,7
DA:49,3
DA:50,3
DA:53,4
DA:56,4
DA:62,2
DA:63,2
DA:66,2
DA:67,1
DA:75,1
DA:83,1
DA:85,3
DA:86,1
DA:87,1
DA:93,2
DA:98,3
LF:23
LH:23
BRDA:48,0,0,3
BRDA:48,1,0,7
BRDA:48,1,1,6
BRDA:48,1,2,5
BRDA:66,2,0,1
BRDA:85,3,0,1
BRDA:85,3,1,2
BRF:7
BRH:7
end_of_record
