TN:
SF:src/config.ts
FNF:0
FNH:0
DA:9,1
LF:1
LH:1
BRDA:13,0,0,1
BRDA:13,0,1,1
BRDA:14,1,0,1
BRDA:14,1,1,1
BRDA:20,2,0,1
BRDA:20,2,1,1
BRDA:21,3,0,1
BRDA:21,3,1,1
BRDA:22,4,0,1
BRDA:22,4,1,1
BRDA:27,5,0,1
BRDA:27,5,1,1
BRDA:32,6,0,1
BRDA:32,6,1,1
BRF:14
BRH:14
end_of_record
TN:
SF:src/index.ts
FN:34,startConsumer
FN:43,(anonymous_2)
FN:77,(anonymous_3)
FN:86,(anonymous_4)
FN:92,(anonymous_5)
FNF:5
FNH:0
FNDA:0,startConsumer
FNDA:0,(anonymous_2)
FNDA:0,(anonymous_3)
FNDA:0,(anonymous_4)
FNDA:0,(anonymous_5)
DA:1,0
DA:2,0
DA:3,0
DA:4,0
DA:5,0
DA:8,0
DA:11,0
DA:26,0
DA:31,0
DA:35,0
DA:36,0
DA:37,0
DA:39,0
DA:40,0
DA:42,0
DA:44,0
DA:46,0
DA:47,0
DA:49,0
DA:57,0
DA:59,0
DA:67,0
DA:71,0
DA:76,0
DA:77,0
DA:78,0
DA:82,0
DA:86,0
DA:87,0
DA:88,0
DA:89,0
DA:92,0
DA:93,0
DA:94,0
DA:95,0
LF:35
LH:0
BRDA:46,0,0,0
BRDA:46,0,1,0
BRF:2
BRH:0
end_of_record
TN:
SF:src/processTransaction.ts
FN:44,processTransaction
FNF:1
FNH:1
FNDA:7,processTransaction
DA:1,1
DA:2,1
DA:3,1
DA:6,1
DA:44,1
DA:45,7
DA:47,7
DA:48,3
DA:49,3
DA:52,4
DA:55,4
DA:61,2
DA:62,2
DA:65,2
DA:66,1
DA:79,2
DA:81,2
DA:82,1
DA:83,1
DA:89,1
DA:94,2
LF:21
LH:21
BRDA:47,0,0,3
BRDA:47,1,0,7
BRDA:47,1,1,6
BRDA:47,1,2,5
BRDA:65,2,0,1
BRDA:81,3,0,1
BRDA:81,3,1,1
BRF:7
BRH:7
end_of_record
