{"/Users/michaeldarlington/CascadeProjects/fraud-detection-system/transaction-service/src/config.ts": {"path":"/Users/michaeldarlington/CascadeProjects/fraud-detection-system/transaction-service/src/config.ts","statementMap":{"0":{"start":{"line":9,"column":13},"end":{"line":27,"column":2}}},"fnMap":{},"branchMap":{"0":{"loc":{"start":{"line":12,"column":10},"end":{"line":12,"column":34}},"type":"binary-expr","locations":[{"start":{"line":12,"column":10},"end":{"line":12,"column":26}},{"start":{"line":12,"column":30},"end":{"line":12,"column":34}}]},"1":{"loc":{"start":{"line":13,"column":10},"end":{"line":13,"column":39}},"type":"binary-expr","locations":[{"start":{"line":13,"column":10},"end":{"line":13,"column":26}},{"start":{"line":13,"column":30},"end":{"line":13,"column":39}}]},"2":{"loc":{"start":{"line":19,"column":14},"end":{"line":19,"column":59}},"type":"binary-expr","locations":[{"start":{"line":19,"column":14},"end":{"line":19,"column":39}},{"start":{"line":19,"column":43},"end":{"line":19,"column":59}}]},"3":{"loc":{"start":{"line":20,"column":11},"end":{"line":20,"column":52}},"type":"binary-expr","locations":[{"start":{"line":20,"column":11},"end":{"line":20,"column":34}},{"start":{"line":20,"column":38},"end":{"line":20,"column":52}}]},"4":{"loc":{"start":{"line":25,"column":11},"end":{"line":25,"column":42}},"type":"binary-expr","locations":[{"start":{"line":25,"column":11},"end":{"line":25,"column":32}},{"start":{"line":25,"column":36},"end":{"line":25,"column":42}}]}},"s":{"0":0},"f":{},"b":{"0":[0,0],"1":[0,0],"2":[0,0],"3":[0,0],"4":[0,0]}}
,"/Users/michaeldarlington/CascadeProjects/fraud-detection-system/transaction-service/src/db.ts": {"path":"/Users/michaeldarlington/CascadeProjects/fraud-detection-system/transaction-service/src/db.ts","statementMap":{"0":{"start":{"line":11,"column":0},"end":{"line":11,"column":7}},"1":{"start":{"line":1,"column":0},"end":{"line":1,"column":34}},"2":{"start":{"line":4,"column":16},"end":{"line":7,"column":2}},"3":{"start":{"line":8,"column":15},"end":{"line":8,"column":84}},"4":{"start":{"line":9,"column":19},"end":{"line":9,"column":45}},"5":{"start":{"line":12,"column":2},"end":{"line":20,"column":3}},"6":{"start":{"line":14,"column":19},"end":{"line":14,"column":71}},"7":{"start":{"line":15,"column":4},"end":{"line":15,"column":69}},"8":{"start":{"line":16,"column":4},"end":{"line":16,"column":18}},"9":{"start":{"line":18,"column":4},"end":{"line":18,"column":73}},"10":{"start":{"line":19,"column":4},"end":{"line":19,"column":16}}},"fnMap":{"0":{"name":"storeTransaction","decl":{"start":{"line":11,"column":22},"end":{"line":11,"column":38}},"loc":{"start":{"line":11,"column":55},"end":{"line":21,"column":1}}}},"branchMap":{"0":{"loc":{"start":{"line":5,"column":12},"end":{"line":5,"column":61}},"type":"binary-expr","locations":[{"start":{"line":5,"column":12},"end":{"line":5,"column":42}},{"start":{"line":5,"column":46},"end":{"line":5,"column":61}}]},"1":{"loc":{"start":{"line":6,"column":12},"end":{"line":6,"column":61}},"type":"binary-expr","locations":[{"start":{"line":6,"column":12},"end":{"line":6,"column":42}},{"start":{"line":6,"column":46},"end":{"line":6,"column":61}}]},"2":{"loc":{"start":{"line":8,"column":30},"end":{"line":8,"column":83}},"type":"binary-expr","locations":[{"start":{"line":8,"column":30},"end":{"line":8,"column":58}},{"start":{"line":8,"column":62},"end":{"line":8,"column":83}}]}},"s":{"0":0,"1":0,"2":0,"3":0,"4":0,"5":0,"6":0,"7":0,"8":0,"9":0,"10":0},"f":{"0":0},"b":{"0":[0,0],"1":[0,0],"2":[0,0]}}
,"/Users/michaeldarlington/CascadeProjects/fraud-detection-system/transaction-service/src/index.ts": {"path":"/Users/michaeldarlington/CascadeProjects/fraud-detection-system/transaction-service/src/index.ts","statementMap":{"0":{"start":{"line":1,"column":0},"end":{"line":1,"column":53}},"1":{"start":{"line":2,"column":0},"end":{"line":2,"column":37}},"2":{"start":{"line":3,"column":0},"end":{"line":3,"column":32}},"3":{"start":{"line":4,"column":0},"end":{"line":4,"column":28}},"4":{"start":{"line":5,"column":0},"end":{"line":5,"column":30}},"5":{"start":{"line":6,"column":0},"end":{"line":6,"column":34}},"6":{"start":{"line":7,"column":0},"end":{"line":7,"column":41}},"7":{"start":{"line":10,"column":0},"end":{"line":10,"column":16}},"8":{"start":{"line":13,"column":15},"end":{"line":25,"column":2}},"9":{"start":{"line":28,"column":14},"end":{"line":31,"column":2}},"10":{"start":{"line":33,"column":17},"end":{"line":33,"column":33}},"11":{"start":{"line":36,"column":12},"end":{"line":36,"column":21}},"12":{"start":{"line":106,"column":9},"end":{"line":106,"column":12}},"13":{"start":{"line":37,"column":0},"end":{"line":37,"column":27}},"14":{"start":{"line":40,"column":0},"end":{"line":42,"column":3}},"15":{"start":{"line":41,"column":2},"end":{"line":41,"column":41}},"16":{"start":{"line":45,"column":0},"end":{"line":76,"column":3}},"17":{"start":{"line":46,"column":22},"end":{"line":46,"column":30}},"18":{"start":{"line":49,"column":2},"end":{"line":52,"column":3}},"19":{"start":{"line":50,"column":4},"end":{"line":50,"column":70}},"20":{"start":{"line":51,"column":4},"end":{"line":51,"column":105}},"21":{"start":{"line":54,"column":2},"end":{"line":75,"column":3}},"22":{"start":{"line":56,"column":4},"end":{"line":61,"column":7}},"23":{"start":{"line":63,"column":4},"end":{"line":63,"column":80}},"24":{"start":{"line":66,"column":4},"end":{"line":66,"column":40}},"25":{"start":{"line":68,"column":4},"end":{"line":71,"column":7}},"26":{"start":{"line":73,"column":4},"end":{"line":73,"column":70}},"27":{"start":{"line":74,"column":4},"end":{"line":74,"column":70}},"28":{"start":{"line":80,"column":2},"end":{"line":91,"column":3}},"29":{"start":{"line":81,"column":4},"end":{"line":81,"column":29}},"30":{"start":{"line":82,"column":4},"end":{"line":82,"column":38}},"31":{"start":{"line":84,"column":17},"end":{"line":84,"column":35}},"32":{"start":{"line":85,"column":4},"end":{"line":87,"column":7}},"33":{"start":{"line":86,"column":6},"end":{"line":86,"column":67}},"34":{"start":{"line":89,"column":4},"end":{"line":89,"column":54}},"35":{"start":{"line":90,"column":4},"end":{"line":90,"column":20}},"36":{"start":{"line":95,"column":0},"end":{"line":97,"column":1}},"37":{"start":{"line":96,"column":2},"end":{"line":96,"column":16}},"38":{"start":{"line":100,"column":0},"end":{"line":104,"column":3}},"39":{"start":{"line":101,"column":2},"end":{"line":101,"column":60}},"40":{"start":{"line":102,"column":2},"end":{"line":102,"column":30}},"41":{"start":{"line":103,"column":2},"end":{"line":103,"column":18}}},"fnMap":{"0":{"name":"(anonymous_1)","decl":{"start":{"line":40,"column":19},"end":{"line":40,"column":20}},"loc":{"start":{"line":40,"column":51},"end":{"line":42,"column":1}}},"1":{"name":"(anonymous_2)","decl":{"start":{"line":45,"column":25},"end":{"line":45,"column":30}},"loc":{"start":{"line":45,"column":63},"end":{"line":76,"column":1}}},"2":{"name":"startServer","decl":{"start":{"line":79,"column":15},"end":{"line":79,"column":26}},"loc":{"start":{"line":79,"column":26},"end":{"line":92,"column":1}}},"3":{"name":"(anonymous_4)","decl":{"start":{"line":85,"column":21},"end":{"line":85,"column":24}},"loc":{"start":{"line":85,"column":26},"end":{"line":87,"column":5}}},"4":{"name":"(anonymous_5)","decl":{"start":{"line":100,"column":22},"end":{"line":100,"column":27}},"loc":{"start":{"line":100,"column":33},"end":{"line":104,"column":1}}}},"branchMap":{"0":{"loc":{"start":{"line":49,"column":2},"end":{"line":52,"column":3}},"type":"if","locations":[{"start":{"line":49,"column":2},"end":{"line":52,"column":3}}]},"1":{"loc":{"start":{"line":49,"column":6},"end":{"line":49,"column":70}},"type":"binary-expr","locations":[{"start":{"line":49,"column":6},"end":{"line":49,"column":21}},{"start":{"line":49,"column":25},"end":{"line":49,"column":44}},{"start":{"line":49,"column":48},"end":{"line":49,"column":70}}]},"2":{"loc":{"start":{"line":95,"column":0},"end":{"line":97,"column":1}},"type":"if","locations":[{"start":{"line":95,"column":0},"end":{"line":97,"column":1}}]}},"s":{"0":0,"1":0,"2":0,"3":0,"4":0,"5":0,"6":0,"7":0,"8":0,"9":0,"10":0,"11":0,"12":0,"13":0,"14":0,"15":0,"16":0,"17":0,"18":0,"19":0,"20":0,"21":0,"22":0,"23":0,"24":0,"25":0,"26":0,"27":0,"28":0,"29":0,"30":0,"31":0,"32":0,"33":0,"34":0,"35":0,"36":0,"37":0,"38":0,"39":0,"40":0,"41":0},"f":{"0":0,"1":0,"2":0,"3":0,"4":0},"b":{"0":[0],"1":[0,0,0],"2":[0]}}
}
