TN:
SF:src/config.ts
FNF:0
FNH:0
DA:9,1
LF:1
LH:1
BRDA:12,0,0,1
BRDA:12,0,1,1
BRDA:13,1,0,1
BRDA:13,1,1,1
BRDA:19,2,0,1
BRDA:19,2,1,1
BRDA:20,3,0,1
BRDA:20,3,1,1
BRDA:25,4,0,1
BRDA:25,4,1,1
BRF:10
BRH:10
end_of_record
TN:
SF:src/index.ts
FN:39,(anonymous_1)
FN:44,(anonymous_2)
FN:75,startServer
FN:81,(anonymous_4)
FN:96,(anonymous_5)
FNF:5
FNH:2
FNDA:1,(anonymous_1)
FNDA:4,(anonymous_2)
FNDA:0,startServer
FNDA:0,(anonymous_4)
FNDA:0,(anonymous_5)
DA:1,1
DA:2,1
DA:3,1
DA:4,1
DA:5,1
DA:6,1
DA:9,1
DA:12,1
DA:27,1
DA:32,1
DA:35,1
DA:36,1
DA:39,1
DA:40,1
DA:44,1
DA:45,4
DA:48,4
DA:49,3
DA:50,3
DA:53,1
DA:55,1
DA:62,1
DA:64,1
DA:69,0
DA:70,0
DA:76,0
DA:77,0
DA:78,0
DA:80,0
DA:81,0
DA:82,0
DA:85,0
DA:86,0
DA:91,1
DA:92,0
DA:96,1
DA:97,0
DA:98,0
DA:99,0
DA:102,1
LF:40
LH:26
BRDA:48,0,0,3
BRDA:48,1,0,4
BRDA:48,1,1,3
BRDA:48,1,2,2
BRDA:91,2,0,0
BRF:5
BRH:4
end_of_record
